c:\users\administrator\desktop\files\protobuf-2.4.1\vsprojects\debug\coded_stream.obj
c:\users\administrator\desktop\files\protobuf-2.4.1\vsprojects\debug\common.obj
c:\users\administrator\desktop\files\protobuf-2.4.1\vsprojects\debug\descriptor.obj
c:\users\administrator\desktop\files\protobuf-2.4.1\vsprojects\debug\descriptor.pb.obj
c:\users\administrator\desktop\files\protobuf-2.4.1\vsprojects\debug\descriptor_database.obj
c:\users\administrator\desktop\files\protobuf-2.4.1\vsprojects\debug\dynamic_message.obj
c:\users\administrator\desktop\files\protobuf-2.4.1\vsprojects\debug\extension_set.obj
c:\users\administrator\desktop\files\protobuf-2.4.1\vsprojects\debug\extension_set_heavy.obj
c:\users\administrator\desktop\files\protobuf-2.4.1\vsprojects\debug\generated_message_reflection.obj
c:\users\administrator\desktop\files\protobuf-2.4.1\vsprojects\debug\generated_message_util.obj
c:\users\administrator\desktop\files\protobuf-2.4.1\vsprojects\debug\gzip_stream.obj
c:\users\administrator\desktop\files\protobuf-2.4.1\vsprojects\debug\importer.obj
c:\users\administrator\desktop\files\protobuf-2.4.1\vsprojects\debug\message.obj
c:\users\administrator\desktop\files\protobuf-2.4.1\vsprojects\debug\message_lite.obj
c:\users\administrator\desktop\files\protobuf-2.4.1\vsprojects\debug\once.obj
c:\users\administrator\desktop\files\protobuf-2.4.1\vsprojects\debug\parser.obj
c:\users\administrator\desktop\files\protobuf-2.4.1\vsprojects\debug\printer.obj
c:\users\administrator\desktop\files\protobuf-2.4.1\vsprojects\debug\reflection_ops.obj
c:\users\administrator\desktop\files\protobuf-2.4.1\vsprojects\debug\repeated_field.obj
c:\users\administrator\desktop\files\protobuf-2.4.1\vsprojects\debug\service.obj
c:\users\administrator\desktop\files\protobuf-2.4.1\vsprojects\debug\structurally_valid.obj
c:\users\administrator\desktop\files\protobuf-2.4.1\vsprojects\debug\strutil.obj
c:\users\administrator\desktop\files\protobuf-2.4.1\vsprojects\debug\substitute.obj
c:\users\administrator\desktop\files\protobuf-2.4.1\vsprojects\debug\text_format.obj
c:\users\administrator\desktop\files\protobuf-2.4.1\vsprojects\debug\tokenizer.obj
c:\users\administrator\desktop\files\protobuf-2.4.1\vsprojects\debug\unknown_field_set.obj
c:\users\administrator\desktop\files\protobuf-2.4.1\vsprojects\debug\wire_format.obj
c:\users\administrator\desktop\files\protobuf-2.4.1\vsprojects\debug\wire_format_lite.obj
c:\users\administrator\desktop\files\protobuf-2.4.1\vsprojects\debug\zero_copy_stream.obj
c:\users\administrator\desktop\files\protobuf-2.4.1\vsprojects\debug\zero_copy_stream_impl.obj
c:\users\administrator\desktop\files\protobuf-2.4.1\vsprojects\debug\zero_copy_stream_impl_lite.obj
c:\users\administrator\desktop\files\protobuf-2.4.1\vsprojects\debug\vc120.idb
c:\users\administrator\desktop\files\protobuf-2.4.1\vsprojects\debug\vc120.pdb
