c:\users\administrator\desktop\files\protobuf-2.4.1\vsprojects\debug\vc120.pdb
c:\users\administrator\desktop\files\protobuf-2.4.1\vsprojects\debug\vc120.idb
c:\users\administrator\desktop\files\protobuf-2.4.1\vsprojects\debug\cpp_generator.obj
c:\users\administrator\desktop\files\protobuf-2.4.1\vsprojects\debug\cpp_helpers.obj
c:\users\administrator\desktop\files\protobuf-2.4.1\vsprojects\debug\cpp_message.obj
c:\users\administrator\desktop\files\protobuf-2.4.1\vsprojects\debug\cpp_message_field.obj
c:\users\administrator\desktop\files\protobuf-2.4.1\vsprojects\debug\cpp_primitive_field.obj
c:\users\administrator\desktop\files\protobuf-2.4.1\vsprojects\debug\cpp_service.obj
c:\users\administrator\desktop\files\protobuf-2.4.1\vsprojects\debug\cpp_string_field.obj
c:\users\administrator\desktop\files\protobuf-2.4.1\vsprojects\debug\java_enum.obj
c:\users\administrator\desktop\files\protobuf-2.4.1\vsprojects\debug\java_enum_field.obj
c:\users\administrator\desktop\files\protobuf-2.4.1\vsprojects\debug\java_extension.obj
c:\users\administrator\desktop\files\protobuf-2.4.1\vsprojects\debug\java_field.obj
c:\users\administrator\desktop\files\protobuf-2.4.1\vsprojects\debug\java_file.obj
c:\users\administrator\desktop\files\protobuf-2.4.1\vsprojects\debug\java_generator.obj
c:\users\administrator\desktop\files\protobuf-2.4.1\vsprojects\debug\java_helpers.obj
c:\users\administrator\desktop\files\protobuf-2.4.1\vsprojects\debug\java_message.obj
c:\users\administrator\desktop\files\protobuf-2.4.1\vsprojects\debug\java_message_field.obj
c:\users\administrator\desktop\files\protobuf-2.4.1\vsprojects\debug\java_primitive_field.obj
c:\users\administrator\desktop\files\protobuf-2.4.1\vsprojects\debug\java_service.obj
c:\users\administrator\desktop\files\protobuf-2.4.1\vsprojects\debug\java_string_field.obj
c:\users\administrator\desktop\files\protobuf-2.4.1\vsprojects\debug\python_generator.obj
c:\users\administrator\desktop\files\protobuf-2.4.1\vsprojects\debug\code_generator.obj
c:\users\administrator\desktop\files\protobuf-2.4.1\vsprojects\debug\command_line_interface.obj
c:\users\administrator\desktop\files\protobuf-2.4.1\vsprojects\debug\subprocess.obj
c:\users\administrator\desktop\files\protobuf-2.4.1\vsprojects\debug\zip_writer.obj
c:\users\administrator\desktop\files\protobuf-2.4.1\vsprojects\debug\plugin.obj
c:\users\administrator\desktop\files\protobuf-2.4.1\vsprojects\debug\plugin.pb.obj
c:\users\administrator\desktop\files\protobuf-2.4.1\vsprojects\debug\cpp_enum.obj
c:\users\administrator\desktop\files\protobuf-2.4.1\vsprojects\debug\cpp_enum_field.obj
c:\users\administrator\desktop\files\protobuf-2.4.1\vsprojects\debug\cpp_extension.obj
c:\users\administrator\desktop\files\protobuf-2.4.1\vsprojects\debug\cpp_field.obj
c:\users\administrator\desktop\files\protobuf-2.4.1\vsprojects\debug\cpp_file.obj
c:\users\administrator\desktop\files\protobuf-2.4.1\vsprojects\debug\libprotoc.lib
c:\users\administrator\desktop\files\protobuf-2.4.1\vsprojects\debug\coded_stream.obj
c:\users\administrator\desktop\files\protobuf-2.4.1\vsprojects\debug\common.obj
c:\users\administrator\desktop\files\protobuf-2.4.1\vsprojects\debug\descriptor.obj
c:\users\administrator\desktop\files\protobuf-2.4.1\vsprojects\debug\descriptor.pb.obj
c:\users\administrator\desktop\files\protobuf-2.4.1\vsprojects\debug\descriptor_database.obj
c:\users\administrator\desktop\files\protobuf-2.4.1\vsprojects\debug\dynamic_message.obj
c:\users\administrator\desktop\files\protobuf-2.4.1\vsprojects\debug\extension_set.obj
c:\users\administrator\desktop\files\protobuf-2.4.1\vsprojects\debug\extension_set_heavy.obj
c:\users\administrator\desktop\files\protobuf-2.4.1\vsprojects\debug\generated_message_reflection.obj
c:\users\administrator\desktop\files\protobuf-2.4.1\vsprojects\debug\generated_message_util.obj
c:\users\administrator\desktop\files\protobuf-2.4.1\vsprojects\debug\gzip_stream.obj
c:\users\administrator\desktop\files\protobuf-2.4.1\vsprojects\debug\importer.obj
c:\users\administrator\desktop\files\protobuf-2.4.1\vsprojects\debug\message.obj
c:\users\administrator\desktop\files\protobuf-2.4.1\vsprojects\debug\message_lite.obj
c:\users\administrator\desktop\files\protobuf-2.4.1\vsprojects\debug\once.obj
c:\users\administrator\desktop\files\protobuf-2.4.1\vsprojects\debug\parser.obj
c:\users\administrator\desktop\files\protobuf-2.4.1\vsprojects\debug\printer.obj
c:\users\administrator\desktop\files\protobuf-2.4.1\vsprojects\debug\reflection_ops.obj
c:\users\administrator\desktop\files\protobuf-2.4.1\vsprojects\debug\repeated_field.obj
c:\users\administrator\desktop\files\protobuf-2.4.1\vsprojects\debug\service.obj
c:\users\administrator\desktop\files\protobuf-2.4.1\vsprojects\debug\structurally_valid.obj
c:\users\administrator\desktop\files\protobuf-2.4.1\vsprojects\debug\strutil.obj
c:\users\administrator\desktop\files\protobuf-2.4.1\vsprojects\debug\substitute.obj
c:\users\administrator\desktop\files\protobuf-2.4.1\vsprojects\debug\text_format.obj
c:\users\administrator\desktop\files\protobuf-2.4.1\vsprojects\debug\tokenizer.obj
c:\users\administrator\desktop\files\protobuf-2.4.1\vsprojects\debug\unknown_field_set.obj
c:\users\administrator\desktop\files\protobuf-2.4.1\vsprojects\debug\wire_format.obj
c:\users\administrator\desktop\files\protobuf-2.4.1\vsprojects\debug\wire_format_lite.obj
c:\users\administrator\desktop\files\protobuf-2.4.1\vsprojects\debug\zero_copy_stream.obj
c:\users\administrator\desktop\files\protobuf-2.4.1\vsprojects\debug\zero_copy_stream_impl.obj
c:\users\administrator\desktop\files\protobuf-2.4.1\vsprojects\debug\zero_copy_stream_impl_lite.obj
c:\users\administrator\desktop\files\protobuf-2.4.1\vsprojects\debug\libprotoc.tlog\cl.command.1.tlog
c:\users\administrator\desktop\files\protobuf-2.4.1\vsprojects\debug\libprotoc.tlog\cl.read.1.tlog
c:\users\administrator\desktop\files\protobuf-2.4.1\vsprojects\debug\libprotoc.tlog\cl.write.1.tlog
c:\users\administrator\desktop\files\protobuf-2.4.1\vsprojects\debug\libprotoc.tlog\lib-link.read.1.tlog
c:\users\administrator\desktop\files\protobuf-2.4.1\vsprojects\debug\libprotoc.tlog\lib-link.write.1.tlog
c:\users\administrator\desktop\files\protobuf-2.4.1\vsprojects\debug\libprotoc.tlog\lib.command.1.tlog
