c:\users\administrator\desktop\files\protobuf-2.4.1\vsprojects\debug\code_generator.obj
c:\users\administrator\desktop\files\protobuf-2.4.1\vsprojects\debug\command_line_interface.obj
c:\users\administrator\desktop\files\protobuf-2.4.1\vsprojects\debug\cpp_enum.obj
c:\users\administrator\desktop\files\protobuf-2.4.1\vsprojects\debug\cpp_enum_field.obj
c:\users\administrator\desktop\files\protobuf-2.4.1\vsprojects\debug\cpp_extension.obj
c:\users\administrator\desktop\files\protobuf-2.4.1\vsprojects\debug\cpp_field.obj
c:\users\administrator\desktop\files\protobuf-2.4.1\vsprojects\debug\cpp_file.obj
c:\users\administrator\desktop\files\protobuf-2.4.1\vsprojects\debug\cpp_generator.obj
c:\users\administrator\desktop\files\protobuf-2.4.1\vsprojects\debug\cpp_helpers.obj
c:\users\administrator\desktop\files\protobuf-2.4.1\vsprojects\debug\cpp_message.obj
c:\users\administrator\desktop\files\protobuf-2.4.1\vsprojects\debug\cpp_message_field.obj
c:\users\administrator\desktop\files\protobuf-2.4.1\vsprojects\debug\cpp_primitive_field.obj
c:\users\administrator\desktop\files\protobuf-2.4.1\vsprojects\debug\cpp_service.obj
c:\users\administrator\desktop\files\protobuf-2.4.1\vsprojects\debug\cpp_string_field.obj
c:\users\administrator\desktop\files\protobuf-2.4.1\vsprojects\debug\java_enum.obj
c:\users\administrator\desktop\files\protobuf-2.4.1\vsprojects\debug\java_enum_field.obj
c:\users\administrator\desktop\files\protobuf-2.4.1\vsprojects\debug\java_extension.obj
c:\users\administrator\desktop\files\protobuf-2.4.1\vsprojects\debug\java_field.obj
c:\users\administrator\desktop\files\protobuf-2.4.1\vsprojects\debug\java_file.obj
c:\users\administrator\desktop\files\protobuf-2.4.1\vsprojects\debug\java_generator.obj
c:\users\administrator\desktop\files\protobuf-2.4.1\vsprojects\debug\java_helpers.obj
c:\users\administrator\desktop\files\protobuf-2.4.1\vsprojects\debug\java_message.obj
c:\users\administrator\desktop\files\protobuf-2.4.1\vsprojects\debug\java_message_field.obj
c:\users\administrator\desktop\files\protobuf-2.4.1\vsprojects\debug\java_primitive_field.obj
c:\users\administrator\desktop\files\protobuf-2.4.1\vsprojects\debug\java_service.obj
c:\users\administrator\desktop\files\protobuf-2.4.1\vsprojects\debug\java_string_field.obj
c:\users\administrator\desktop\files\protobuf-2.4.1\vsprojects\debug\plugin.obj
c:\users\administrator\desktop\files\protobuf-2.4.1\vsprojects\debug\plugin.pb.obj
c:\users\administrator\desktop\files\protobuf-2.4.1\vsprojects\debug\python_generator.obj
c:\users\administrator\desktop\files\protobuf-2.4.1\vsprojects\debug\subprocess.obj
c:\users\administrator\desktop\files\protobuf-2.4.1\vsprojects\debug\zip_writer.obj
c:\users\administrator\desktop\files\protobuf-2.4.1\vsprojects\debug\vc120.idb
c:\users\administrator\desktop\files\protobuf-2.4.1\vsprojects\debug\vc120.pdb
